<?xml version="1.0" encoding="UTF-8"?>
<coverage generated="1586193077612" clover="3.2.0">
  <project timestamp="1586193077612" name="All files">
    <metrics statements="26" coveredstatements="26" conditionals="9" coveredconditionals="7" methods="8" coveredmethods="8" elements="43" coveredelements="41" complexity="0" loc="26" ncloc="26" packages="1" files="3" classes="3"/>
    <file name="itinerary.js" path="/home/andrei/Projects/cruise-ships/src/itinerary.js">
      <metrics statements="2" coveredstatements="2" conditionals="0" coveredconditionals="0" methods="1" coveredmethods="1"/>
      <line num="3" count="15" type="stmt"/>
      <line num="7" count="3" type="stmt"/>
    </file>
    <file name="port.js" path="/home/andrei/Projects/cruise-ships/src/port.js">
      <metrics statements="7" coveredstatements="7" conditionals="3" coveredconditionals="2" methods="3" coveredmethods="3"/>
      <line num="3" count="19" type="stmt"/>
      <line num="4" count="19" type="stmt"/>
      <line num="7" count="14" type="stmt"/>
      <line num="10" count="6" type="stmt"/>
      <line num="11" count="6" type="cond" truecount="1" falsecount="1"/>
      <line num="12" count="6" type="stmt"/>
      <line num="17" count="2" type="stmt"/>
    </file>
    <file name="ship.js" path="/home/andrei/Projects/cruise-ships/src/ship.js">
      <metrics statements="17" coveredstatements="17" conditionals="6" coveredconditionals="5" methods="4" coveredmethods="4"/>
      <line num="4" count="10" type="stmt"/>
      <line num="5" count="10" type="stmt"/>
      <line num="6" count="10" type="stmt"/>
      <line num="7" count="10" type="stmt"/>
      <line num="11" count="6" type="stmt"/>
      <line num="12" count="6" type="cond" truecount="2" falsecount="0"/>
      <line num="16" count="1" type="stmt"/>
      <line num="18" count="5" type="stmt"/>
      <line num="19" count="5" type="stmt"/>
      <line num="22" count="4" type="cond" truecount="2" falsecount="0"/>
      <line num="23" count="1" type="stmt"/>
      <line num="25" count="3" type="stmt"/>
      <line num="26" count="3" type="stmt"/>
      <line num="28" count="3" type="cond" truecount="1" falsecount="1"/>
      <line num="29" count="3" type="stmt"/>
      <line num="30" count="3" type="stmt"/>
      <line num="35" count="2" type="stmt"/>
    </file>
  </project>
</coverage>
