TN:
SF:src/itinerary.js
FN:2,(anonymous_0)
FNF:1
FNH:1
FNDA:2,(anonymous_0)
DA:3,2
DA:7,2
LF:2
LH:2
BRF:0
BRH:0
end_of_record
TN:
SF:src/port.js
FN:2,(anonymous_0)
FN:6,(anonymous_1)
FN:9,(anonymous_2)
FNF:3
FNH:3
FNDA:9,(anonymous_0)
FNDA:2,(anonymous_1)
FNDA:1,(anonymous_2)
DA:3,9
DA:4,9
DA:7,2
DA:10,1
DA:11,1
DA:12,1
DA:17,1
LF:7
LH:7
BRDA:2,0,0,7
BRDA:11,1,0,1
BRDA:11,1,1,0
BRF:3
BRH:2
end_of_record
TN:
SF:src/ship.js
FN:3,(anonymous_0)
FN:10,(anonymous_1)
FN:21,(anonymous_2)
FN:26,(anonymous_3)
FNF:4
FNH:4
FNDA:8,(anonymous_0)
FNDA:4,(anonymous_1)
FNDA:2,(anonymous_2)
FNDA:1,(anonymous_3)
DA:4,8
DA:5,8
DA:6,8
DA:7,8
DA:11,4
DA:12,4
DA:16,1
DA:18,3
DA:19,3
DA:22,2
DA:23,1
DA:25,1
DA:26,1
DA:28,1
DA:29,1
DA:30,1
DA:35,1
LF:17
LH:17
BRDA:12,0,0,1
BRDA:12,0,1,3
BRDA:22,1,0,1
BRDA:22,1,1,1
BRDA:28,2,0,1
BRDA:28,2,1,0
BRF:6
BRH:5
end_of_record
