TN:
SF:src/itinerary.js
FN:2,(anonymous_0)
FNF:1
FNH:1
FNDA:6,(anonymous_0)
DA:3,6
DA:7,1
LF:2
LH:2
BRF:0
BRH:0
end_of_record
TN:
SF:src/port.js
FN:2,(anonymous_0)
FN:6,(anonymous_1)
FN:9,(anonymous_2)
FNF:3
FNH:3
FNDA:19,(anonymous_0)
FNDA:11,(anonymous_1)
FNDA:5,(anonymous_2)
DA:3,19
DA:4,19
DA:7,11
DA:10,5
DA:11,5
DA:12,5
DA:17,2
LF:7
LH:7
BRDA:2,0,0,19
BRDA:11,1,0,5
BRDA:11,1,1,0
BRF:3
BRH:2
end_of_record
TN:
SF:src/ship.js
FN:3,(anonymous_0)
FN:10,(anonymous_1)
FN:21,(anonymous_2)
FN:26,(anonymous_3)
FNF:4
FNH:4
FNDA:7,(anonymous_0)
FNDA:5,(anonymous_1)
FNDA:3,(anonymous_2)
FNDA:2,(anonymous_3)
DA:4,7
DA:5,7
DA:6,7
DA:7,7
DA:11,5
DA:12,5
DA:16,1
DA:18,4
DA:19,4
DA:22,3
DA:23,1
DA:25,2
DA:26,2
DA:28,2
DA:29,2
DA:30,2
DA:35,1
LF:17
LH:17
BRDA:12,0,0,1
BRDA:12,0,1,4
BRDA:22,1,0,1
BRDA:22,1,1,2
BRDA:28,2,0,2
BRDA:28,2,1,0
BRF:6
BRH:5
end_of_record
